# JRE version: Java(TM) SE Runtime Environment (21.0.7+8) (build 21.0.7+8-LTS-245)
# Java VM: Java HotSpot(TM) 64-Bit Server VM (21.0.7+8-LTS-245, mixed mode, sharing, tiered, compressed oops, compressed class ptrs, g1 gc, windows-amd64)
GC Precious Log:
 CardTable entry size: 512
 Card Set container configuration: InlinePtr #cards 5 size 8 Array Of Cards #cards 12 size 40 Howl #buckets 4 coarsen threshold 1843 Howl Bitmap #cards 512 size 80 coarsen threshold 460 Card regions per heap region 1 cards per card region 2048
 CPUs: 8 total, 8 available
 Memory: 7555M
 Large Page Support: Disabled
 NUMA Support: Disabled
 Compressed Oops: Enabled (32-bit)
 Heap Region Size: 1M
 Heap Min Capacity: 8M
 Heap Initial Capacity: 120M
 Heap Max Capacity: 2G
 Pre-touch: Disabled
 Parallel Workers: 8
 Concurrent Workers: 2
 Concurrent Refinement Workers: 8
 Periodic GC: Disabled
Heap:
 garbage-first heap   total 476160K, used 354335K [0x0000000080000000, 0x0000000100000000)
  region size 1024K, 121 young (123904K), 4 survivors (4096K)
 Metaspace       used 168238K, committed 171136K, reserved 622592K
  class space    used 20911K, committed 22400K, reserved 425984K
GC Heap History (20 events):
Event: 105.160 GC heap before
{Heap before GC invocations=83 (full 0):
 garbage-first heap   total 445440K, used 408717K [0x0000000080000000, 0x0000000100000000)
  region size 1024K, 240 young (245760K), 13 survivors (13312K)
 Metaspace       used 157710K, committed 160512K, reserved 622592K
  class space    used 19854K, committed 21312K, reserved 425984K
}
Event: 105.220 GC heap after
{Heap after GC invocations=84 (full 0):
 garbage-first heap   total 445440K, used 170122K [0x0000000080000000, 0x0000000100000000)
  region size 1024K, 15 young (15360K), 15 survivors (15360K)
 Metaspace       used 157710K, committed 160512K, reserved 622592K
  class space    used 19854K, committed 21312K, reserved 425984K
}
Event: 106.585 GC heap before
{Heap before GC invocations=84 (full 0):
 garbage-first heap   total 445440K, used 406666K [0x0000000080000000, 0x0000000100000000)
  region size 1024K, 245 young (250880K), 15 survivors (15360K)
 Metaspace       used 158764K, committed 161536K, reserved 622592K
  class space    used 19936K, committed 21376K, reserved 425984K
}
Event: 106.670 GC heap after
{Heap after GC invocations=85 (full 0):
 garbage-first heap   total 445440K, used 166893K [0x0000000080000000, 0x0000000100000000)
  region size 1024K, 14 young (14336K), 14 survivors (14336K)
 Metaspace       used 158764K, committed 161536K, reserved 622592K
  class space    used 19936K, committed 21376K, reserved 425984K
}
Event: 124.621 GC heap before
{Heap before GC invocations=85 (full 0):
 garbage-first heap   total 445440K, used 310253K [0x0000000080000000, 0x0000000100000000)
  region size 1024K, 155 young (158720K), 14 survivors (14336K)
 Metaspace       used 164677K, committed 167552K, reserved 622592K
  class space    used 20768K, committed 22208K, reserved 425984K
}
Event: 124.668 GC heap after
{Heap after GC invocations=86 (full 0):
 garbage-first heap   total 445440K, used 172727K [0x0000000080000000, 0x0000000100000000)
  region size 1024K, 19 young (19456K), 19 survivors (19456K)
 Metaspace       used 164677K, committed 167552K, reserved 622592K
  class space    used 20768K, committed 22208K, reserved 425984K
}
Event: 134.451 GC heap before
{Heap before GC invocations=87 (full 0):
 garbage-first heap   total 445440K, used 420535K [0x0000000080000000, 0x0000000100000000)
  region size 1024K, 243 young (248832K), 19 survivors (19456K)
 Metaspace       used 165357K, committed 168192K, reserved 622592K
  class space    used 20775K, committed 22208K, reserved 425984K
}
Event: 134.538 GC heap after
{Heap after GC invocations=88 (full 0):
 garbage-first heap   total 476160K, used 211878K [0x0000000080000000, 0x0000000100000000)
  region size 1024K, 31 young (31744K), 31 survivors (31744K)
 Metaspace       used 165357K, committed 168192K, reserved 622592K
  class space    used 20775K, committed 22208K, reserved 425984K
}
Event: 138.447 GC heap before
{Heap before GC invocations=88 (full 0):
 garbage-first heap   total 476160K, used 421798K [0x0000000080000000, 0x0000000100000000)
  region size 1024K, 234 young (239616K), 31 survivors (31744K)
 Metaspace       used 166278K, committed 169152K, reserved 622592K
  class space    used 20800K, committed 22272K, reserved 425984K
}
Event: 138.492 GC heap after
{Heap after GC invocations=89 (full 0):
 garbage-first heap   total 476160K, used 201728K [0x0000000080000000, 0x0000000100000000)
  region size 1024K, 11 young (11264K), 11 survivors (11264K)
 Metaspace       used 166278K, committed 169152K, reserved 622592K
  class space    used 20800K, committed 22272K, reserved 425984K
}
Event: 140.126 GC heap before
{Heap before GC invocations=89 (full 0):
 garbage-first heap   total 476160K, used 324608K [0x0000000080000000, 0x0000000100000000)
  region size 1024K, 132 young (135168K), 11 survivors (11264K)
 Metaspace       used 166788K, committed 169664K, reserved 622592K
  class space    used 20807K, committed 22272K, reserved 425984K
}
Event: 140.135 GC heap after
{Heap after GC invocations=90 (full 0):
 garbage-first heap   total 476160K, used 201044K [0x0000000080000000, 0x0000000100000000)
  region size 1024K, 11 young (11264K), 11 survivors (11264K)
 Metaspace       used 166788K, committed 169664K, reserved 622592K
  class space    used 20807K, committed 22272K, reserved 425984K
}
Event: 175.853 GC heap before
{Heap before GC invocations=91 (full 0):
 garbage-first heap   total 476160K, used 437588K [0x0000000080000000, 0x0000000100000000)
  region size 1024K, 236 young (241664K), 11 survivors (11264K)
 Metaspace       used 168136K, committed 171072K, reserved 622592K
  class space    used 20900K, committed 22400K, reserved 425984K
}
Event: 175.879 GC heap after
{Heap after GC invocations=92 (full 0):
 garbage-first heap   total 476160K, used 206329K [0x0000000080000000, 0x0000000100000000)
  region size 1024K, 17 young (17408K), 17 survivors (17408K)
 Metaspace       used 168136K, committed 171072K, reserved 622592K
  class space    used 20900K, committed 22400K, reserved 425984K
}
Event: 176.365 GC heap before
{Heap before GC invocations=92 (full 0):
 garbage-first heap   total 476160K, used 432633K [0x0000000080000000, 0x0000000100000000)
  region size 1024K, 238 young (243712K), 17 survivors (17408K)
 Metaspace       used 168237K, committed 171136K, reserved 622592K
  class space    used 20911K, committed 22400K, reserved 425984K
}
Event: 176.638 GC heap after
{Heap after GC invocations=93 (full 0):
 garbage-first heap   total 476160K, used 222549K [0x0000000080000000, 0x0000000100000000)
  region size 1024K, 30 young (30720K), 30 survivors (30720K)
 Metaspace       used 168237K, committed 171136K, reserved 622592K
  class space    used 20911K, committed 22400K, reserved 425984K
}
Event: 176.694 GC heap before
{Heap before GC invocations=93 (full 0):
 garbage-first heap   total 476160K, used 249173K [0x0000000080000000, 0x0000000100000000)
  region size 1024K, 57 young (58368K), 30 survivors (30720K)
 Metaspace       used 168237K, committed 171136K, reserved 622592K
  class space    used 20911K, committed 22400K, reserved 425984K
}
Event: 176.792 GC heap after
{Heap after GC invocations=94 (full 0):
 garbage-first heap   total 476160K, used 227699K [0x0000000080000000, 0x0000000100000000)
  region size 1024K, 4 young (4096K), 4 survivors (4096K)
 Metaspace       used 168237K, committed 171136K, reserved 622592K
  class space    used 20911K, committed 22400K, reserved 425984K
}
Event: 177.201 GC heap before
{Heap before GC invocations=94 (full 0):
 garbage-first heap   total 476160K, used 433523K [0x0000000080000000, 0x0000000100000000)
  region size 1024K, 204 young (208896K), 4 survivors (4096K)
 Metaspace       used 168238K, committed 171136K, reserved 622592K
  class space    used 20911K, committed 22400K, reserved 425984K
}
Event: 177.205 GC heap after
{Heap after GC invocations=95 (full 0):
 garbage-first heap   total 476160K, used 227359K [0x0000000080000000, 0x0000000100000000)
  region size 1024K, 4 young (4096K), 4 survivors (4096K)
 Metaspace       used 168238K, committed 171136K, reserved 622592K
  class space    used 20911K, committed 22400K, reserved 425984K
}

