# JRE version: OpenJDK Runtime Environment Temurin-21.0.7+6 (21.0.7+6) (build 21.0.7+6-LTS)
# Java VM: OpenJDK 64-Bit Server VM Temurin-21.0.7+6 (21.0.7+6-LTS, mixed mode, sharing, tiered, compressed oops, compressed class ptrs, parallel gc, windows-amd64)
GC Precious Log:
 CardTable entry size: 512
 CPUs: 8 total, 8 available
 Memory: 7555M
 Large Page Support: Disabled
 NUMA Support: Disabled
 Compressed Oops: Enabled (32-bit)
 Alignments: Space 512K, Generation 512K, Heap 2M
 Heap Min Capacity: 100M
 Heap Initial Capacity: 100M
 Heap Max Capacity: 1G
 Pre-touch: Disabled
 Parallel Workers: 8
Heap:
 PSYoungGen      total 13824K, used 11226K [0x00000000eab00000, 0x00000000ebb00000, 0x0000000100000000)
  eden space 13312K, 80% used [0x00000000eab00000,0x00000000eb5789f8,0x00000000eb800000)
  from space 512K, 98% used [0x00000000eb800000,0x00000000eb87e1a8,0x00000000eb880000)
  to   space 1024K, 0% used [0x00000000eba00000,0x00000000eba00000,0x00000000ebb00000)
 ParOldGen       total 68608K, used 50034K [0x00000000c0000000, 0x00000000c4300000, 0x00000000eab00000)
  object space 68608K, 72% used [0x00000000c0000000,0x00000000c30dcad8,0x00000000c4300000)
 Metaspace       used 70054K, committed 71552K, reserved 1114112K
  class space    used 8571K, committed 9216K, reserved 1048576K
GC Heap History (20 events):
Event: 159.958 GC heap before
{Heap before GC invocations=59 (full 3):
 PSYoungGen      total 14848K, used 14048K [0x00000000eab00000, 0x00000000ebb80000, 0x0000000100000000)
  eden space 13824K, 100% used [0x00000000eab00000,0x00000000eb880000,0x00000000eb880000)
  from space 1024K, 21% used [0x00000000eb980000,0x00000000eb9b8000,0x00000000eba80000)
  to   space 512K, 0% used [0x00000000ebb00000,0x00000000ebb00000,0x00000000ebb80000)
 ParOldGen       total 68608K, used 47080K [0x00000000c0000000, 0x00000000c4300000, 0x00000000eab00000)
  object space 68608K, 68% used [0x00000000c0000000,0x00000000c2dfa380,0x00000000c4300000)
 Metaspace       used 68091K, committed 69504K, reserved 1114112K
  class space    used 8332K, committed 8960K, reserved 1048576K
}
Event: 159.962 GC heap after
{Heap after GC invocations=59 (full 3):
 PSYoungGen      total 14336K, used 160K [0x00000000eab00000, 0x00000000ebb80000, 0x0000000100000000)
  eden space 13824K, 0% used [0x00000000eab00000,0x00000000eab00000,0x00000000eb880000)
  from space 512K, 31% used [0x00000000ebb00000,0x00000000ebb28000,0x00000000ebb80000)
  to   space 512K, 0% used [0x00000000eba80000,0x00000000eba80000,0x00000000ebb00000)
 ParOldGen       total 68608K, used 47152K [0x00000000c0000000, 0x00000000c4300000, 0x00000000eab00000)
  object space 68608K, 68% used [0x00000000c0000000,0x00000000c2e0c380,0x00000000c4300000)
 Metaspace       used 68091K, committed 69504K, reserved 1114112K
  class space    used 8332K, committed 8960K, reserved 1048576K
}
Event: 169.091 GC heap before
{Heap before GC invocations=60 (full 3):
 PSYoungGen      total 14336K, used 13984K [0x00000000eab00000, 0x00000000ebb80000, 0x0000000100000000)
  eden space 13824K, 100% used [0x00000000eab00000,0x00000000eb880000,0x00000000eb880000)
  from space 512K, 31% used [0x00000000ebb00000,0x00000000ebb28000,0x00000000ebb80000)
  to   space 512K, 0% used [0x00000000eba80000,0x00000000eba80000,0x00000000ebb00000)
 ParOldGen       total 68608K, used 47152K [0x00000000c0000000, 0x00000000c4300000, 0x00000000eab00000)
  object space 68608K, 68% used [0x00000000c0000000,0x00000000c2e0c380,0x00000000c4300000)
 Metaspace       used 68130K, committed 69504K, reserved 1114112K
  class space    used 8338K, committed 8960K, reserved 1048576K
}
Event: 169.095 GC heap after
{Heap after GC invocations=60 (full 3):
 PSYoungGen      total 14336K, used 224K [0x00000000eab00000, 0x00000000ebb80000, 0x0000000100000000)
  eden space 13824K, 0% used [0x00000000eab00000,0x00000000eab00000,0x00000000eb880000)
  from space 512K, 43% used [0x00000000eba80000,0x00000000ebab8000,0x00000000ebb00000)
  to   space 512K, 0% used [0x00000000ebb00000,0x00000000ebb00000,0x00000000ebb80000)
 ParOldGen       total 68608K, used 47184K [0x00000000c0000000, 0x00000000c4300000, 0x00000000eab00000)
  object space 68608K, 68% used [0x00000000c0000000,0x00000000c2e14380,0x00000000c4300000)
 Metaspace       used 68130K, committed 69504K, reserved 1114112K
  class space    used 8338K, committed 8960K, reserved 1048576K
}
Event: 175.408 GC heap before
{Heap before GC invocations=61 (full 3):
 PSYoungGen      total 14336K, used 14048K [0x00000000eab00000, 0x00000000ebb80000, 0x0000000100000000)
  eden space 13824K, 100% used [0x00000000eab00000,0x00000000eb880000,0x00000000eb880000)
  from space 512K, 43% used [0x00000000eba80000,0x00000000ebab8000,0x00000000ebb00000)
  to   space 512K, 0% used [0x00000000ebb00000,0x00000000ebb00000,0x00000000ebb80000)
 ParOldGen       total 68608K, used 47184K [0x00000000c0000000, 0x00000000c4300000, 0x00000000eab00000)
  object space 68608K, 68% used [0x00000000c0000000,0x00000000c2e14380,0x00000000c4300000)
 Metaspace       used 68137K, committed 69504K, reserved 1114112K
  class space    used 8338K, committed 8960K, reserved 1048576K
}
Event: 175.409 GC heap after
{Heap after GC invocations=61 (full 3):
 PSYoungGen      total 14336K, used 160K [0x00000000eab00000, 0x00000000ebb80000, 0x0000000100000000)
  eden space 13824K, 0% used [0x00000000eab00000,0x00000000eab00000,0x00000000eb880000)
  from space 512K, 31% used [0x00000000ebb00000,0x00000000ebb28000,0x00000000ebb80000)
  to   space 512K, 0% used [0x00000000eba80000,0x00000000eba80000,0x00000000ebb00000)
 ParOldGen       total 68608K, used 47240K [0x00000000c0000000, 0x00000000c4300000, 0x00000000eab00000)
  object space 68608K, 68% used [0x00000000c0000000,0x00000000c2e22380,0x00000000c4300000)
 Metaspace       used 68137K, committed 69504K, reserved 1114112K
  class space    used 8338K, committed 8960K, reserved 1048576K
}
Event: 193.964 GC heap before
{Heap before GC invocations=62 (full 3):
 PSYoungGen      total 14336K, used 13045K [0x00000000eab00000, 0x00000000ebb80000, 0x0000000100000000)
  eden space 13824K, 93% used [0x00000000eab00000,0x00000000eb795500,0x00000000eb880000)
  from space 512K, 31% used [0x00000000ebb00000,0x00000000ebb28000,0x00000000ebb80000)
  to   space 512K, 0% used [0x00000000eba80000,0x00000000eba80000,0x00000000ebb00000)
 ParOldGen       total 68608K, used 47240K [0x00000000c0000000, 0x00000000c4300000, 0x00000000eab00000)
  object space 68608K, 68% used [0x00000000c0000000,0x00000000c2e22380,0x00000000c4300000)
 Metaspace       used 68445K, committed 69888K, reserved 1114112K
  class space    used 8383K, committed 9024K, reserved 1048576K
}
Event: 193.970 GC heap after
{Heap after GC invocations=62 (full 3):
 PSYoungGen      total 14336K, used 480K [0x00000000eab00000, 0x00000000ebb80000, 0x0000000100000000)
  eden space 13824K, 0% used [0x00000000eab00000,0x00000000eab00000,0x00000000eb880000)
  from space 512K, 93% used [0x00000000eba80000,0x00000000ebaf8010,0x00000000ebb00000)
  to   space 512K, 0% used [0x00000000ebb00000,0x00000000ebb00000,0x00000000ebb80000)
 ParOldGen       total 68608K, used 47473K [0x00000000c0000000, 0x00000000c4300000, 0x00000000eab00000)
  object space 68608K, 69% used [0x00000000c0000000,0x00000000c2e5c508,0x00000000c4300000)
 Metaspace       used 68445K, committed 69888K, reserved 1114112K
  class space    used 8383K, committed 9024K, reserved 1048576K
}
Event: 197.576 GC heap before
{Heap before GC invocations=63 (full 3):
 PSYoungGen      total 14336K, used 14304K [0x00000000eab00000, 0x00000000ebb80000, 0x0000000100000000)
  eden space 13824K, 100% used [0x00000000eab00000,0x00000000eb880000,0x00000000eb880000)
  from space 512K, 93% used [0x00000000eba80000,0x00000000ebaf8010,0x00000000ebb00000)
  to   space 512K, 0% used [0x00000000ebb00000,0x00000000ebb00000,0x00000000ebb80000)
 ParOldGen       total 68608K, used 47473K [0x00000000c0000000, 0x00000000c4300000, 0x00000000eab00000)
  object space 68608K, 69% used [0x00000000c0000000,0x00000000c2e5c508,0x00000000c4300000)
 Metaspace       used 68778K, committed 70208K, reserved 1114112K
  class space    used 8429K, committed 9088K, reserved 1048576K
}
Event: 197.582 GC heap after
{Heap after GC invocations=63 (full 3):
 PSYoungGen      total 13824K, used 504K [0x00000000eab00000, 0x00000000ebe80000, 0x0000000100000000)
  eden space 13312K, 0% used [0x00000000eab00000,0x00000000eab00000,0x00000000eb800000)
  from space 512K, 98% used [0x00000000ebb00000,0x00000000ebb7e0a0,0x00000000ebb80000)
  to   space 3072K, 0% used [0x00000000eb800000,0x00000000eb800000,0x00000000ebb00000)
 ParOldGen       total 68608K, used 49270K [0x00000000c0000000, 0x00000000c4300000, 0x00000000eab00000)
  object space 68608K, 71% used [0x00000000c0000000,0x00000000c301d940,0x00000000c4300000)
 Metaspace       used 68778K, committed 70208K, reserved 1114112K
  class space    used 8429K, committed 9088K, reserved 1048576K
}
Event: 208.351 GC heap before
{Heap before GC invocations=64 (full 3):
 PSYoungGen      total 13824K, used 13816K [0x00000000eab00000, 0x00000000ebe80000, 0x0000000100000000)
  eden space 13312K, 100% used [0x00000000eab00000,0x00000000eb800000,0x00000000eb800000)
  from space 512K, 98% used [0x00000000ebb00000,0x00000000ebb7e0a0,0x00000000ebb80000)
  to   space 3072K, 0% used [0x00000000eb800000,0x00000000eb800000,0x00000000ebb00000)
 ParOldGen       total 68608K, used 49270K [0x00000000c0000000, 0x00000000c4300000, 0x00000000eab00000)
  object space 68608K, 71% used [0x00000000c0000000,0x00000000c301d940,0x00000000c4300000)
 Metaspace       used 68782K, committed 70208K, reserved 1114112K
  class space    used 8429K, committed 9088K, reserved 1048576K
}
Event: 208.353 GC heap after
{Heap after GC invocations=64 (full 3):
 PSYoungGen      total 13824K, used 128K [0x00000000eab00000, 0x00000000ebb80000, 0x0000000100000000)
  eden space 13312K, 0% used [0x00000000eab00000,0x00000000eab00000,0x00000000eb800000)
  from space 512K, 25% used [0x00000000eb800000,0x00000000eb820000,0x00000000eb880000)
  to   space 1024K, 0% used [0x00000000eba80000,0x00000000eba80000,0x00000000ebb80000)
 ParOldGen       total 68608K, used 49750K [0x00000000c0000000, 0x00000000c4300000, 0x00000000eab00000)
  object space 68608K, 72% used [0x00000000c0000000,0x00000000c30959f0,0x00000000c4300000)
 Metaspace       used 68782K, committed 70208K, reserved 1114112K
  class space    used 8429K, committed 9088K, reserved 1048576K
}
Event: 215.186 GC heap before
{Heap before GC invocations=65 (full 3):
 PSYoungGen      total 13824K, used 13440K [0x00000000eab00000, 0x00000000ebb80000, 0x0000000100000000)
  eden space 13312K, 100% used [0x00000000eab00000,0x00000000eb800000,0x00000000eb800000)
  from space 512K, 25% used [0x00000000eb800000,0x00000000eb820000,0x00000000eb880000)
  to   space 1024K, 0% used [0x00000000eba80000,0x00000000eba80000,0x00000000ebb80000)
 ParOldGen       total 68608K, used 49750K [0x00000000c0000000, 0x00000000c4300000, 0x00000000eab00000)
  object space 68608K, 72% used [0x00000000c0000000,0x00000000c30959f0,0x00000000c4300000)
 Metaspace       used 68809K, committed 70272K, reserved 1114112K
  class space    used 8430K, committed 9088K, reserved 1048576K
}
Event: 215.187 GC heap after
{Heap after GC invocations=65 (full 3):
 PSYoungGen      total 13824K, used 160K [0x00000000eab00000, 0x00000000ebb00000, 0x0000000100000000)
  eden space 13312K, 0% used [0x00000000eab00000,0x00000000eab00000,0x00000000eb800000)
  from space 512K, 31% used [0x00000000eba80000,0x00000000ebaa8000,0x00000000ebb00000)
  to   space 512K, 0% used [0x00000000eb800000,0x00000000eb800000,0x00000000eb880000)
 ParOldGen       total 68608K, used 49790K [0x00000000c0000000, 0x00000000c4300000, 0x00000000eab00000)
  object space 68608K, 72% used [0x00000000c0000000,0x00000000c309f9f0,0x00000000c4300000)
 Metaspace       used 68809K, committed 70272K, reserved 1114112K
  class space    used 8430K, committed 9088K, reserved 1048576K
}
Event: 216.552 GC heap before
{Heap before GC invocations=66 (full 3):
 PSYoungGen      total 13824K, used 13472K [0x00000000eab00000, 0x00000000ebb00000, 0x0000000100000000)
  eden space 13312K, 100% used [0x00000000eab00000,0x00000000eb800000,0x00000000eb800000)
  from space 512K, 31% used [0x00000000eba80000,0x00000000ebaa8000,0x00000000ebb00000)
  to   space 512K, 0% used [0x00000000eb800000,0x00000000eb800000,0x00000000eb880000)
 ParOldGen       total 68608K, used 49790K [0x00000000c0000000, 0x00000000c4300000, 0x00000000eab00000)
  object space 68608K, 72% used [0x00000000c0000000,0x00000000c309f9f0,0x00000000c4300000)
 Metaspace       used 68868K, committed 70336K, reserved 1114112K
  class space    used 8437K, committed 9088K, reserved 1048576K
}
Event: 216.552 GC heap after
{Heap after GC invocations=66 (full 3):
 PSYoungGen      total 13824K, used 256K [0x00000000eab00000, 0x00000000ebb00000, 0x0000000100000000)
  eden space 13312K, 0% used [0x00000000eab00000,0x00000000eab00000,0x00000000eb800000)
  from space 512K, 50% used [0x00000000eb800000,0x00000000eb840000,0x00000000eb880000)
  to   space 512K, 0% used [0x00000000eba80000,0x00000000eba80000,0x00000000ebb00000)
 ParOldGen       total 68608K, used 49822K [0x00000000c0000000, 0x00000000c4300000, 0x00000000eab00000)
  object space 68608K, 72% used [0x00000000c0000000,0x00000000c30a79f0,0x00000000c4300000)
 Metaspace       used 68868K, committed 70336K, reserved 1114112K
  class space    used 8437K, committed 9088K, reserved 1048576K
}
Event: 217.161 GC heap before
{Heap before GC invocations=67 (full 3):
 PSYoungGen      total 13824K, used 13568K [0x00000000eab00000, 0x00000000ebb00000, 0x0000000100000000)
  eden space 13312K, 100% used [0x00000000eab00000,0x00000000eb800000,0x00000000eb800000)
  from space 512K, 50% used [0x00000000eb800000,0x00000000eb840000,0x00000000eb880000)
  to   space 512K, 0% used [0x00000000eba80000,0x00000000eba80000,0x00000000ebb00000)
 ParOldGen       total 68608K, used 49822K [0x00000000c0000000, 0x00000000c4300000, 0x00000000eab00000)
  object space 68608K, 72% used [0x00000000c0000000,0x00000000c30a79f0,0x00000000c4300000)
 Metaspace       used 69031K, committed 70400K, reserved 1114112K
  class space    used 8456K, committed 9088K, reserved 1048576K
}
Event: 217.162 GC heap after
{Heap after GC invocations=67 (full 3):
 PSYoungGen      total 13824K, used 256K [0x00000000eab00000, 0x00000000ebb00000, 0x0000000100000000)
  eden space 13312K, 0% used [0x00000000eab00000,0x00000000eab00000,0x00000000eb800000)
  from space 512K, 50% used [0x00000000eba80000,0x00000000ebac0000,0x00000000ebb00000)
  to   space 512K, 0% used [0x00000000eb800000,0x00000000eb800000,0x00000000eb880000)
 ParOldGen       total 68608K, used 49914K [0x00000000c0000000, 0x00000000c4300000, 0x00000000eab00000)
  object space 68608K, 72% used [0x00000000c0000000,0x00000000c30bead8,0x00000000c4300000)
 Metaspace       used 69031K, committed 70400K, reserved 1114112K
  class space    used 8456K, committed 9088K, reserved 1048576K
}
Event: 217.503 GC heap before
{Heap before GC invocations=68 (full 3):
 PSYoungGen      total 13824K, used 13568K [0x00000000eab00000, 0x00000000ebb00000, 0x0000000100000000)
  eden space 13312K, 100% used [0x00000000eab00000,0x00000000eb800000,0x00000000eb800000)
  from space 512K, 50% used [0x00000000eba80000,0x00000000ebac0000,0x00000000ebb00000)
  to   space 512K, 0% used [0x00000000eb800000,0x00000000eb800000,0x00000000eb880000)
 ParOldGen       total 68608K, used 49914K [0x00000000c0000000, 0x00000000c4300000, 0x00000000eab00000)
  object space 68608K, 72% used [0x00000000c0000000,0x00000000c30bead8,0x00000000c4300000)
 Metaspace       used 69592K, committed 71040K, reserved 1114112K
  class space    used 8520K, committed 9152K, reserved 1048576K
}
Event: 217.505 GC heap after
{Heap after GC invocations=68 (full 3):
 PSYoungGen      total 13824K, used 504K [0x00000000eab00000, 0x00000000ebb00000, 0x0000000100000000)
  eden space 13312K, 0% used [0x00000000eab00000,0x00000000eab00000,0x00000000eb800000)
  from space 512K, 98% used [0x00000000eb800000,0x00000000eb87e1a8,0x00000000eb880000)
  to   space 1024K, 0% used [0x00000000eba00000,0x00000000eba00000,0x00000000ebb00000)
 ParOldGen       total 68608K, used 50034K [0x00000000c0000000, 0x00000000c4300000, 0x00000000eab00000)
  object space 68608K, 72% used [0x00000000c0000000,0x00000000c30dcad8,0x00000000c4300000)
 Metaspace       used 69592K, committed 71040K, reserved 1114112K
  class space    used 8520K, committed 9152K, reserved 1048576K
}

